Arguments: 
  C:\Program Files\nodejs\node.exe C:\Program Files (x86)\Yarn\bin\yarn.js start

PATH: 
  C:\WINDOWS\system32;C:\WINDOWS;C:\WINDOWS\System32\Wbem;C:\WINDOWS\System32\WindowsPowerShell\v1.0\;C:\Program Files (x86)\QuickTime\QTSystem\;C:\Program Files (x86)\Common Files\Acronis\SnapAPI\;C:\Program Files (x86)\Common Files\Acronis\VirtualFile\;C:\Program Files (x86)\Common Files\Acronis\VirtualFile64\;C:\Program Files\Microsoft SQL Server\130\Tools\Binn\;C:\Program Files\dotnet\;C:\Program Files\Git\cmd;C:\Program Files\nodejs\;C:\Program Files\PuTTY\;C:\Program Files (x86)\Yarn\bin\;C:\WINDOWS\System32\OpenSSH\;C:\Users\aveli\AppData\Local\Microsoft\WindowsApps;C:\Users\aveli\AppData\Local\atom\bin;C:\Program Files\nodejs;C:\Users\aveli\AppData\Roaming\npm;C:\Program Files\Microsoft VS Code\bin;C:\Users\aveli\AppData\Local\Microsoft\WindowsApps;C:\Users\aveli\AppData\Local\Yarn\bin;

Yarn version: 
  1.5.1

Node version: 
  8.4.0

Platform: 
  win32 x64

npm manifest: 
  {
    "name": "reduxsimplestarter",
    "version": "1.0.0",
    "description": "",
    "main": "index.js",
    "scripts": {
      "start": "node ./node_modules/webpack-dev-server/bin/webpack-dev-server.js",
      "test": "mocha --compilers js:babel-core/register --require ./test/test_helper.js --recursive ./test",
      "test:watch": "npm run test -- --watch"
    },
    "repository": {
      "type": "git",
      "url": "git+https://github.com/JhuneAlfred/reduxsimplestarter.git"
    },
    "author": "",
    "license": "ISC",
    "bugs": {
      "url": "https://github.com/JhuneAlfred/reduxsimplestarter/issues"
    },
    "homepage": "https://github.com/JhuneAlfred/reduxsimplestarter#readme",
    "devDependencies": {
      "babel-core": "^6.2.1",
      "babel-loader": "^6.2.0",
      "babel-preset-es2015": "^6.1.18",
      "babel-preset-react": "^6.1.18",
      "chai": "^3.5.0",
      "chai-jquery": "^2.0.0",
      "jquery": "^2.2.1",
      "jsdom": "^8.1.0",
      "mocha": "^2.4.5",
      "webpack": "^1.12.9",
      "webpack-dev-server": "^1.16.5"
    },
    "dependencies": {
      "babel-preset-stage-1": "^6.1.18",
      "lodash": "^3.10.1",
      "react": "16.3.2",
      "react-dom": "16.3.2",
      "react-redux": "5.0.7",
      "react-router": "^2.0.1",
      "redux": "4.0.0"
    }
  }

yarn manifest: 
  No manifest

Lockfile: 
  No lockfile

Trace: 
  Error: Command failed.
  Exit code: 1
  Command: C:\WINDOWS\system32\cmd.exe
  Arguments: /d /s /c node ./node_modules/webpack-dev-server/bin/webpack-dev-server.js
  Directory: N:\Javascript\reduxsimplestarter
  Output:
  
      at ProcessTermError.MessageError (C:\Program Files (x86)\Yarn\lib\cli.js:186:110)
      at new ProcessTermError (C:\Program Files (x86)\Yarn\lib\cli.js:226:113)
      at ChildProcess.<anonymous> (C:\Program Files (x86)\Yarn\lib\cli.js:30281:17)
      at emitTwo (events.js:125:13)
      at ChildProcess.emit (events.js:213:7)
      at maybeClose (internal/child_process.js:927:16)
      at Process.ChildProcess._handle.onexit (internal/child_process.js:211:5)
